<?xml version="1.0" encoding="UTF-8"?>
<!-- Generated by org.testng.reporters.JUnitXMLReporter -->
<testsuite ignored="0" hostname="mohit-H110M-H" failures="0" tests="4" name="Default test" time="79.457" errors="0" timestamp="2021-06-11T17:46:36 IST">
  <testcase classname="com.crm.qa.tests.HomePageTest" name="home_Page_Title_Test" time="0.01"/>
  <testcase classname="com.crm.qa.tests.HomePageTest" name="user_Name_Test" time="0.966"/>
  <testcase classname="com.crm.qa.tests.HomePageTest" name="home_Page_Logo_Test" time="0.977"/>
  <testcase classname="com.crm.qa.tests.HomePageTest" name="click_On_Create_Contact_Test" time="1.961"/>
</testsuite> <!-- Default test -->
