<?xml version="1.0" encoding="UTF-8"?>
<!-- Generated by org.testng.reporters.JUnitXMLReporter -->
<testsuite ignored="0" hostname="mohit-H110M-H" failures="0" tests="9" name="Command line test" time="88.194" errors="0" timestamp="2021-06-15T18:02:48 IST">
  <testcase classname="com.crm.qa.tests.HomePageTest" name="home_Page_Title_Test" time="0.007"/>
  <testcase classname="com.crm.qa.tests.HomePageTest" name="user_Name_Test" time="0.934"/>
  <testcase classname="com.crm.qa.tests.HomePageTest" name="home_Page_Logo_Test" time="1.716"/>
  <testcase classname="com.crm.qa.tests.HomePageTest" name="click_On_Create_Contact_Test" time="1.141"/>
  <testcase classname="com.crm.qa.tests.LoginPageTest" name="login_Page_Title_Test" time="0.009"/>
  <testcase classname="com.crm.qa.tests.LoginPageTest" name="login_Test" time="2.742"/>
  <testcase classname="com.crm.qa.tests.MainPageTest" name="crm_Logo_Test" time="0.078"/>
  <testcase classname="com.crm.qa.tests.MainPageTest" name="Main_Page_Title_Test" time="0.012"/>
  <testcase classname="com.crm.qa.tests.MainPageTest" name="main_Page_Login_Btn_Click_Test" time="1.489"/>
</testsuite> <!-- Command line test -->
