<?xml version="1.0" encoding="UTF-8"?>
<testng-results ignored="0" total="5" passed="5" failed="0" skipped="0">
  <reporter-output>
  </reporter-output>
  <suite started-at="2021-06-07T20:16:03 IST" name="ParmaterTestSuite" finished-at="2021-06-07T20:16:33 IST" duration-ms="29958">
    <groups>
    </groups>
    <test started-at="2021-06-07T20:16:03 IST" name="CRMTest" finished-at="2021-06-07T20:16:33 IST" duration-ms="29958">
      <class name="com.crm.qa.tests.LoginPageTest">
        <test-method is-config="true" signature="setUp()[pri:0, instance:com.crm.qa.tests.LoginPageTest@6ac13091]" started-at="2021-06-07T20:16:19 IST" name="setUp" finished-at="2021-06-07T20:16:25 IST" duration-ms="5827" status="PASS">
          <reporter-output>
          </reporter-output>
        </test-method> <!-- setUp -->
        <test-method signature="login_Page_Title_Test()[pri:1, instance:com.crm.qa.tests.LoginPageTest@6ac13091]" started-at="2021-06-07T20:16:25 IST" name="login_Page_Title_Test" finished-at="2021-06-07T20:16:25 IST" duration-ms="11" status="PASS">
          <reporter-output>
          </reporter-output>
        </test-method> <!-- login_Page_Title_Test -->
        <test-method is-config="true" signature="tearDown()[pri:0, instance:com.crm.qa.tests.LoginPageTest@6ac13091]" started-at="2021-06-07T20:16:25 IST" name="tearDown" finished-at="2021-06-07T20:16:25 IST" duration-ms="131" status="PASS">
          <reporter-output>
          </reporter-output>
        </test-method> <!-- tearDown -->
        <test-method is-config="true" signature="setUp()[pri:0, instance:com.crm.qa.tests.LoginPageTest@6ac13091]" started-at="2021-06-07T20:16:25 IST" name="setUp" finished-at="2021-06-07T20:16:31 IST" duration-ms="5926" status="PASS">
          <reporter-output>
          </reporter-output>
        </test-method> <!-- setUp -->
        <test-method signature="login_Test()[pri:2, instance:com.crm.qa.tests.LoginPageTest@6ac13091]" started-at="2021-06-07T20:16:31 IST" name="login_Test" finished-at="2021-06-07T20:16:33 IST" duration-ms="2428" status="PASS">
          <reporter-output>
          </reporter-output>
        </test-method> <!-- login_Test -->
        <test-method is-config="true" signature="tearDown()[pri:0, instance:com.crm.qa.tests.LoginPageTest@6ac13091]" started-at="2021-06-07T20:16:33 IST" name="tearDown" finished-at="2021-06-07T20:16:33 IST" duration-ms="70" status="PASS">
          <reporter-output>
          </reporter-output>
        </test-method> <!-- tearDown -->
      </class> <!-- com.crm.qa.tests.LoginPageTest -->
      <class name="com.crm.qa.tests.MainPageTest">
        <test-method is-config="true" signature="setUp()[pri:0, instance:com.crm.qa.tests.MainPageTest@7b227d8d]" started-at="2021-06-07T20:16:03 IST" name="setUp" finished-at="2021-06-07T20:16:08 IST" duration-ms="4943" status="PASS">
          <reporter-output>
          </reporter-output>
        </test-method> <!-- setUp -->
        <test-method signature="crm_Logo_Test()[pri:0, instance:com.crm.qa.tests.MainPageTest@7b227d8d]" started-at="2021-06-07T20:16:08 IST" name="crm_Logo_Test" finished-at="2021-06-07T20:16:08 IST" duration-ms="154" status="PASS">
          <reporter-output>
          </reporter-output>
        </test-method> <!-- crm_Logo_Test -->
        <test-method is-config="true" signature="tearDown()[pri:0, instance:com.crm.qa.tests.MainPageTest@7b227d8d]" started-at="2021-06-07T20:16:08 IST" name="tearDown" finished-at="2021-06-07T20:16:09 IST" duration-ms="68" status="PASS">
          <reporter-output>
          </reporter-output>
        </test-method> <!-- tearDown -->
        <test-method is-config="true" signature="setUp()[pri:0, instance:com.crm.qa.tests.MainPageTest@7b227d8d]" started-at="2021-06-07T20:16:09 IST" name="setUp" finished-at="2021-06-07T20:16:13 IST" duration-ms="3998" status="PASS">
          <reporter-output>
          </reporter-output>
        </test-method> <!-- setUp -->
        <test-method signature="Main_Page_Title_Test()[pri:1, instance:com.crm.qa.tests.MainPageTest@7b227d8d]" started-at="2021-06-07T20:16:13 IST" name="Main_Page_Title_Test" finished-at="2021-06-07T20:16:13 IST" duration-ms="5" status="PASS">
          <reporter-output>
          </reporter-output>
        </test-method> <!-- Main_Page_Title_Test -->
        <test-method is-config="true" signature="tearDown()[pri:0, instance:com.crm.qa.tests.MainPageTest@7b227d8d]" started-at="2021-06-07T20:16:13 IST" name="tearDown" finished-at="2021-06-07T20:16:13 IST" duration-ms="117" status="PASS">
          <reporter-output>
          </reporter-output>
        </test-method> <!-- tearDown -->
        <test-method is-config="true" signature="setUp()[pri:0, instance:com.crm.qa.tests.MainPageTest@7b227d8d]" started-at="2021-06-07T20:16:13 IST" name="setUp" finished-at="2021-06-07T20:16:18 IST" duration-ms="5192" status="PASS">
          <reporter-output>
          </reporter-output>
        </test-method> <!-- setUp -->
        <test-method signature="main_Page_Login_Btn_Click_Test()[pri:2, instance:com.crm.qa.tests.MainPageTest@7b227d8d]" started-at="2021-06-07T20:16:18 IST" name="main_Page_Login_Btn_Click_Test" finished-at="2021-06-07T20:16:19 IST" duration-ms="887" status="PASS">
          <reporter-output>
          </reporter-output>
        </test-method> <!-- main_Page_Login_Btn_Click_Test -->
        <test-method is-config="true" signature="tearDown()[pri:0, instance:com.crm.qa.tests.MainPageTest@7b227d8d]" started-at="2021-06-07T20:16:19 IST" name="tearDown" finished-at="2021-06-07T20:16:19 IST" duration-ms="169" status="PASS">
          <reporter-output>
          </reporter-output>
        </test-method> <!-- tearDown -->
      </class> <!-- com.crm.qa.tests.MainPageTest -->
    </test> <!-- CRMTest -->
  </suite> <!-- ParmaterTestSuite -->
</testng-results>
